C51 COMPILER V9.56.0.0   _8LED                                                             09/01/2019 17:47:32 PAGE 1   


C51 COMPILER V9.56.0.0, COMPILATION OF MODULE _8LED
OBJECT MODULE PLACED IN ..\Output\_8led.obj
COMPILER INVOKED BY: D:\A-work\Program_Files\C51\BIN\C51.EXE ..\User\_8led.c OPTIMIZE(8,SPEED) BROWSE INCDIR(..\User) DE
                    -BUG OBJECTEXTEND PRINT(..\Listening\_8led.lst) TABS(2) OBJECT(..\Output\_8led.obj)

line level    source

   1          #include "reg51.h"
   2          //这是个共阴数码管
   3          char SegCode[10] = {0x3F, 0x06, 0x5B, 0x4F, 0x66, 0x6D, 0x7D, 0x07, 0x7F, 0x6F}; //0,1,2,3,4,5,6,7,8,9
   4          
   5          void delay(int i)
   6          {
   7   1        int j;
   8   1        for(j=i;j>0;j--);
   9   1      }
  10          
  11          void led1()
  12          {
  13   1          P1 = ~0x01;
  14   1          P0 = 0x06;
  15   1          delay(500);
  16   1          
  17   1          P1 = ~0x02;                 //这个就是选择第几个显示数字
  18   1          P0 = 0xdb;
  19   1          delay(500);
  20   1          
  21   1          P1 = ~0x04;
  22   1          P0 = 0x4f;
  23   1          delay(500);
  24   1          
  25   1          P1 = ~0x08;
  26   1          P0 = 0xe6;
  27   1          delay(500);
  28   1          
  29   1          P1 = ~0x10;
  30   1          P0 = 0x6d;
  31   1          delay(500);
  32   1          
  33   1          P1 = ~0x20;
  34   1          P0 = 0x7d;
  35   1          delay(500);
  36   1      }
  37          
  38          void led2()
  39          {
  40   1          P1 = ~0x02;                 //这个就是选择第几个显示数字
  41   1          P0 = 0xdb;
  42   1          delay(500);
  43   1          
  44   1          P1 = ~0x04;
  45   1          P0 = 0x4f;
  46   1          delay(500);
  47   1          
  48   1          P1 = ~0x08;
  49   1          P0 = 0xe6;
  50   1          delay(500);
  51   1          
  52   1          P1 = ~0x10;
  53   1          P0 = 0x6d;
  54   1          delay(500);
C51 COMPILER V9.56.0.0   _8LED                                                             09/01/2019 17:47:32 PAGE 2   

  55   1          
  56   1          P1 = ~0x20;
  57   1          P0 = 0x7d;
  58   1          delay(500);
  59   1        }
  60              
  61          int main()
  62          {
  63   1        int i;
  64   1        while(1)
  65   1        {
  66   2          for(i=10;i>0;i--)
  67   2          {
  68   3            led1();
  69   3          }
  70   2          for(i=10;i>0;i--)
  71   2          {
  72   3            led2();
  73   3          }
  74   2        }
  75   1      }


MODULE INFORMATION:   STATIC OVERLAYABLE
   CODE SIZE        =    150    ----
   CONSTANT SIZE    =   ----    ----
   XDATA SIZE       =   ----    ----
   PDATA SIZE       =   ----    ----
   DATA SIZE        =     10    ----
   IDATA SIZE       =   ----    ----
   BIT SIZE         =   ----    ----
END OF MODULE INFORMATION.


C51 COMPILATION COMPLETE.  0 WARNING(S),  0 ERROR(S)
