C51 COMPILER V9.56.0.0   _1LED                                                             09/21/2019 21:15:00 PAGE 1   


C51 COMPILER V9.56.0.0, COMPILATION OF MODULE _1LED
OBJECT MODULE PLACED IN ..\Output\_1led.obj
COMPILER INVOKED BY: D:\A-work\Program_Files\C51\BIN\C51.EXE ..\User\_1led.c OPTIMIZE(8,SPEED) BROWSE INCDIR(..\User) DE
                    -BUG OBJECTEXTEND PRINT(..\Listening\_1led.lst) TABS(2) OBJECT(..\Output\_1led.obj)

line level    source

   1          #include<reg51.h>
   2          typedef unsigned char uchar;
   3          typedef unsigned int uint;
   4            
   5          uchar c;
   6          
   7          uchar code table[]={0x3f,0x06,0x5b,0x4f,0x66,0x6d,0x7d,0x07,0x7f,0x6f};
   8          
   9          void delay(uint i)               //延时函数
  10          { 
  11   1        uint a;
  12   1        for(a=i;a>0;a--);
  13   1      }
  14          
  15          void display(uchar shu,add1,add2)
  16          {
  17   1        uchar shi,ge;
  18   1        shi=shu/10;
  19   1        ge=shu%10;
  20   1        
  21   1        P1=add1;
  22   1        P0=table[shi];
  23   1        delay(50);
  24   1        
  25   1        P1=add2;
  26   1        P0=table[ge];
  27   1        delay(50);
  28   1      }
  29            
  30          void init()     //初始化函数
  31          {
  32   1        TMOD=0x15;              
  33   1        TH0=65535/256;
  34   1        TL0=65535%256;
  35   1        TH1=(65536-50000)/256;
  36   1        TL1=(65536-50000)%256;
  37   1        EA=1;                   
  38   1        ET0=1;                   
  39   1        ET1=1;
  40   1        TR0=1;
  41   1        TR1=1;
  42   1        display(0,0xbf,0x7f);
  43   1        //display(0,0xef,0xdf);
  44   1        //display(0,0xfb,0xf7);
  45   1      }
  46          
  47          void main()
  48          {
  49   1        uchar min,hour,sec;
  50   1        init();
  51   1      }
*** WARNING C280 IN LINE 49 OF ..\User\_1led.c: 'min': unreferenced local variable
*** WARNING C280 IN LINE 49 OF ..\User\_1led.c: 'hour': unreferenced local variable
*** WARNING C280 IN LINE 49 OF ..\User\_1led.c: 'sec': unreferenced local variable
C51 COMPILER V9.56.0.0   _1LED                                                             09/21/2019 21:15:00 PAGE 2   

  52          
  53          void time1() interrupt 3
  54          {
  55   1        TH1=(65536-50000)/256;      
  56   1        TL1=(65536-50000)%256;
  57   1        c++;
  58   1      }
  59          
  60          void time0() interrupt 1        
  61          {
  62   1        TH0=65535/256;
  63   1        TL0=65535%256;
  64   1      }


MODULE INFORMATION:   STATIC OVERLAYABLE
   CODE SIZE        =    120    ----
   CONSTANT SIZE    =     10    ----
   XDATA SIZE       =   ----    ----
   PDATA SIZE       =   ----    ----
   DATA SIZE        =      1       3
   IDATA SIZE       =   ----    ----
   BIT SIZE         =   ----    ----
END OF MODULE INFORMATION.


C51 COMPILATION COMPLETE.  3 WARNING(S),  0 ERROR(S)
