C51 COMPILER V9.56.0.0   _8LED                                                             10/05/2019 10:35:51 PAGE 1   


C51 COMPILER V9.56.0.0, COMPILATION OF MODULE _8LED
OBJECT MODULE PLACED IN ..\Output\_8led.obj
COMPILER INVOKED BY: D:\A-work\Program_Files\C51\BIN\C51.EXE ..\User\_8led.c OPTIMIZE(8,SPEED) BROWSE INCDIR(..\User) DE
                    -BUG OBJECTEXTEND PRINT(..\Listening\_8led.lst) TABS(2) OBJECT(..\Output\_8led.obj)

line level    source

   1          #include "reg51.h"
   2          typedef unsigned char u8;
   3          typedef unsigned int u16;
   4          
   5          void keycontral(u8 key);
   6          u8 keycan();
   7          void carry();
   8          void express();
   9          void wrinkle();
  10          void inter();
  11          void delay(u16 i);
  12          
  13          u8 table1[6] = {1,1,5,9,5,7};//设置初值
  14          u8 table2[10] = {0x3f,0x06,0x5b,0x4f,0x66,0x6d,0x7d,0x07,0x7f,0x6f};//位选
  15          u8 table3[6] = {0x01, 0x02, 0x04, 0x08, 0x10, 0x20};//段选
  16          
  17          u8 c=0;   //用来计算时间的东东
  18          u8 b=0,a=4,i,j;   //b用来决定是数显还是闪烁，
  19          
  20          void delay(u16 i) //延时函数
  21          {
  22   1        for(;i>0;i--);
  23   1      }
  24          
  25          void inter()    //中断的初始化
  26          {
  27   1        IE = 0x83;
  28   1        TMOD = 0x01;
  29   1        IT0 = 1;
  30   1        TH0 = 0x0b;
  31   1        TL0 = 0xdc;
  32   1        TR0 = 1;
  33   1      }  
  34          
  35          void main()
  36          {
  37   1        inter();
  38   1        while(1)
  39   1        {
  40   2          if(b==0)
  41   2          {
  42   3            express();   //数显函数
  43   3          }
  44   2          if(b==1)
  45   2          {
  46   3            wrinkle();   //闪烁函数
  47   3          }
  48   2        }
  49   1      }
  50          
  51          void time1()   interrupt 1
  52          {
  53   1        TR0 = 0;
  54   1        TH0 = 0x0b;
C51 COMPILER V9.56.0.0   _8LED                                                             10/05/2019 10:35:51 PAGE 2   

  55   1        TL0 = 0xdc;
  56   1        TR0 = 1;
  57   1        c++;
  58   1        if(c==16)
  59   1        {
  60   2          c=0;        //一秒了自然要数显了
  61   2          if(b==0)
  62   2            carry();
  63   2        }
  64   1      }
  65          
  66          void carry()   //进位函数
  67          {
  68   1        if(table1[5]<9)
  69   1        {
  70   2          table1[5]++;
  71   2        }
  72   1        else
  73   1        {
  74   2          if(table1[4]<5)
  75   2          {
  76   3            table1[4]++;
  77   3          }
  78   2          else
  79   2          {
  80   3            if(table1[3]<9)
  81   3            {
  82   4              table1[3]++;
  83   4            }
  84   3            else
  85   3            {
  86   4              if(table1[2]<5)
  87   4              {
  88   5                table1[2]++;
  89   5              }
  90   4              else
  91   4              {
  92   5                if(table1[1]<9&&table1[5]<2)
  93   5                {
  94   6                  table1[1]++;
  95   6                }
  96   5                else if(table1[1] < 3 && table1[0] ==2)
  97   5                {
  98   6                  table1[1]++;
  99   6                }
 100   5                else
 101   5                {
 102   6                  if(table1[0]<2)
 103   6                  {
 104   7                    table1[0]++;
 105   7                  }
 106   6                  else
 107   6                  {
 108   7                    table1[0]=0;
 109   7                  }
 110   6                  table1[1]=0;
 111   6                }
 112   5                table1[2]=0;
 113   5              }
 114   4              table1[3]=0;
 115   4            }
 116   3            table1[4]=0;
C51 COMPILER V9.56.0.0   _8LED                                                             10/05/2019 10:35:51 PAGE 3   

 117   3          }
 118   2          table1[5]=0;
 119   2        }
 120   1      }
 121          
 122          void express() //数显函数
 123          {
 124   1      //  P1=~0x10;
 125   1      //  P0=table2[table1[2]];
 126   1      
 127   1        for(i=0;i<6;i++)
 128   1        {
 129   2          P1=~table3[i];
 130   2          if(i==1 || i==3 || i==5 )
 131   2          {
 132   3            P0=table2[table1[i]]|0x80;
 133   3          }
 134   2          else
 135   2          {
 136   3            P0 = table2[table1[i]];
 137   3          }
 138   2          delay(500);
 139   2        }
 140   1      }
 141          
 142          void wrinkle()   //闪烁函数
 143          {
 144   1        for(j=50;j>0;j--)
 145   1        {
 146   2          for(i=0;i<6;i++)
 147   2          {
 148   3            P1=~table3[i];
 149   3            if(i==1 || i==3 || i==5)
 150   3            {
 151   4              P0=table2[table1[i]]|0x80;
 152   4            }
 153   3            else
 154   3            {
 155   4              P0 = table2[table1[i]];
 156   4            }
 157   3            delay(50);
 158   3          }
 159   2        }
 160   1        for(j=50;j>0;j--)
 161   1        {
 162   2          for(i=0;i<6;i++)
 163   2          {
 164   3            if(i==a)
 165   3            {
 166   4              P1=~0x00;
 167   4            } 
 168   3            else
 169   3            {
 170   4              P1 =~table3[i];
 171   4            }
 172   3            if(i==1 || i==3 || i==5)
 173   3            {
 174   4              P0=table2[table1[i]]|0x80;
 175   4            }
 176   3            else
 177   3            {
 178   4              P0=table2[table1[i]];
C51 COMPILER V9.56.0.0   _8LED                                                             10/05/2019 10:35:51 PAGE 4   

 179   4            }
 180   3            delay(50);
 181   3          }
 182   2        }
 183   1      }
 184          
 185          u8 keycan()//按键检测
 186          {
 187   1        u8 key;
 188   1      //  if(P2 != 0xff)
 189   1      //  {
 190   1      //    for(i=100;i>0;i++);
 191   1      //    if(P2 != 0xff)
 192   1      //    {
 193   1      //      key = P1;
 194   1      //    }
 195   1      //    while(P2 != 0xff);
 196   1      //  }
 197   1        key=P2;
 198   1        return key;
 199   1      }
 200          
 201          void keycontral(u8 key)
 202          {
 203   1      //  if(key == 0xfe)
 204   1      //  {
 205   1      //    b=1;
 206   1      //  }
 207   1        if(key ==0xfe)
 208   1        {
 209   2          if(b)  //类似于检验真假，不为零为真执行函数体
 210   2          {
 211   3            b=0;
 212   3          }
 213   2          else
 214   2          {
 215   3            b=1;
 216   3            a=5; //重新定值不知道有撒子用
 217   3          }
 218   2        }
 219   1        if(b==1)   //说了吧要按一次第一个键
 220   1        {
 221   2          if(key == 0xfd) //右移P2^1
 222   2          {
 223   3            if(a<5)
 224   3            {
 225   4              a++;
 226   4            }
 227   3          }
 228   2          if(key == 0xfb) //左移P2^2
 229   2          {
 230   3            if(a>0)
 231   3            {
 232   4              a--;
 233   4            }
 234   3          }
 235   2          if(key == 0xf7) //加P2^3
 236   2          {
 237   3            if(a == 3|| a == 5)
 238   3            {
 239   4              if(table1[a]<9)
 240   4                table1[a]++;
C51 COMPILER V9.56.0.0   _8LED                                                             10/05/2019 10:35:51 PAGE 5   

 241   4              else
 242   4                table1[a]=0;
 243   4            }
 244   3            else if(a == 2 || a == 4)
 245   3            {
 246   4              if(table1[a]<5)
 247   4                table1[a]++;
 248   4              else
 249   4                table1[a] = 0;
 250   4            }
 251   3            else if(a == 1 && table1[a-1]<2)
 252   3            {
 253   4              if(table1[a]<9)
 254   4              {
 255   5                table1[a]++;
 256   5              }
 257   4              else
 258   4              {
 259   5                table1[a]=0;
 260   5              }
 261   4            }
 262   3            else if(a == 1 && table1[a-1] == 2)
 263   3            {
 264   4              if(table1[a] < 3)
 265   4              {
 266   5                table1[a]++;
 267   5              }
 268   4              else
 269   4              {
 270   5                table1[a]=0;
 271   5              }
 272   4            }
 273   3            else if(a==0)
 274   3            {
 275   4              if(table1[a] < 2)
 276   4              {
 277   5                table1[a]++;
 278   5              }
 279   4              else if(table1[a] == 2)
 280   4              {
 281   5                table1[a] = 0;
 282   5              }
 283   4            }
 284   3         }
 285   2          if(key == 0xef) //减P2^4
 286   2          {
 287   3      //      if(a==3||a==5)
 288   3      //      {
 289   3      //        if(table1[a]>0)
 290   3      //          table1[a]--;
 291   3      //        else
 292   3      //          table1[a]=0;
 293   3      //      }
 294   3            if(table1[a] > 0)
 295   3              table1[a]--;
 296   3          }
 297   2        }
 298   1      }
 299          
 300          void time2() interrupt 0  //按键中断
 301          {
 302   1         keycontral(keycan());
C51 COMPILER V9.56.0.0   _8LED                                                             10/05/2019 10:35:51 PAGE 6   

 303   1      }


MODULE INFORMATION:   STATIC OVERLAYABLE
   CODE SIZE        =    758    ----
   CONSTANT SIZE    =   ----    ----
   XDATA SIZE       =   ----    ----
   PDATA SIZE       =   ----    ----
   DATA SIZE        =     27    ----
   IDATA SIZE       =   ----    ----
   BIT SIZE         =   ----    ----
END OF MODULE INFORMATION.


C51 COMPILATION COMPLETE.  0 WARNING(S),  0 ERROR(S)
