C51 COMPILER V9.56.0.0   BREAK                                                             08/23/2019 22:09:44 PAGE 1   


C51 COMPILER V9.56.0.0, COMPILATION OF MODULE BREAK
OBJECT MODULE PLACED IN .\Objects\BREAK.obj
COMPILER INVOKED BY: D:\kijy\keil51\C51\BIN\C51.EXE BREAK.c OPTIMIZE(8,SPEED) BROWSE DEBUG OBJECTEXTEND PRINT(.\Listings
                    -\BREAK.lst) TABS(2) OBJECT(.\Objects\BREAK.obj)

line level    source

   1          #include <reg51.h>
   2          #include <intrins.h>
   3          sbit p1=P1^0;
   4          void delay(void)
   5          {
   6   1        int a=500;
   7   1        int i;
   8   1        for(i=0;i<a;i++);
   9   1      }
  10          void INT0_srv(void) interrupt 0 using 1
  11          {
  12   1      delay();
  13   1        if(INT0==0)
  14   1        {p1=! p1;
  15   2         while (INT0==0);}
  16   1       }
  17          void main()
  18          {
  19   1      p1=0;
  20   1        EA=1;
  21   1        EX0=1;
  22   1        while(1);
  23   1      }


MODULE INFORMATION:   STATIC OVERLAYABLE
   CODE SIZE        =     59    ----
   CONSTANT SIZE    =   ----    ----
   XDATA SIZE       =   ----    ----
   PDATA SIZE       =   ----    ----
   DATA SIZE        =   ----    ----
   IDATA SIZE       =   ----    ----
   BIT SIZE         =   ----    ----
END OF MODULE INFORMATION.


C51 COMPILATION COMPLETE.  0 WARNING(S),  0 ERROR(S)
