C51 COMPILER V9.56.0.0   _8LED                                                             08/31/2019 18:57:50 PAGE 1   


C51 COMPILER V9.56.0.0, COMPILATION OF MODULE _8LED
OBJECT MODULE PLACED IN ..\Output\_8led.obj
COMPILER INVOKED BY: D:\A-work\Program_Files\C51\BIN\C51.EXE ..\User\_8led.c OPTIMIZE(8,SPEED) BROWSE INCDIR(..\User) DE
                    -BUG OBJECTEXTEND PRINT(..\Listening\_8led.lst) TABS(2) OBJECT(..\Output\_8led.obj)

line level    source

   1          #include "reg51.h"
   2          //这是个共阴数码管
   3          char SegCode[10] = {0x3F, 0x06, 0x5B, 0x4F, 0x66, 0x6D, 0x7D, 0x07, 0x7F, 0x6F}; //0,1,2,3,4,5,6,7,8,9
   4          
   5          void delay(int i)
   6          {
   7   1        int j;
   8   1        for(j=i;j>0;j--);
   9   1      }
  10              
  11          int main()
  12          {
  13   1        int i;
  14   1        while(1)
  15   1        {
  16   2          P1 = ~0x01;
  17   2          P0 = 0x06;
  18   2          delay(100);
  19   2          
  20   2          P1 = ~0x02;                 //这个就是选择第几个显示数字
  21   2          P0 = 0xdb;
  22   2          delay(100);
  23   2          
  24   2          P1 = ~0x04;
  25   2          P0 = 0x4f;
  26   2          delay(100);
  27   2          
  28   2          P1 = ~0x08;
  29   2          P0 = 0xe6;
  30   2          delay(100);
  31   2          
  32   2          P1 = ~0x10;
  33   2          P0 = 0x6d;
  34   2          delay(100);
  35   2          
  36   2          P1 = ~0x20;
  37   2          P0 = 0x7d;
  38   2          delay(100);
  39   2        }
  40   1      }
*** WARNING C280 IN LINE 13 OF ..\User\_8led.c: 'i': unreferenced local variable


MODULE INFORMATION:   STATIC OVERLAYABLE
   CODE SIZE        =     79    ----
   CONSTANT SIZE    =   ----    ----
   XDATA SIZE       =   ----    ----
   PDATA SIZE       =   ----    ----
   DATA SIZE        =     10       2
   IDATA SIZE       =   ----    ----
   BIT SIZE         =   ----    ----
END OF MODULE INFORMATION.


C51 COMPILATION COMPLETE.  1 WARNING(S),  0 ERROR(S)
