C51 COMPILER V9.56.0.0   ____                                                              08/28/2019 15:49:22 PAGE 1   


C51 COMPILER V9.56.0.0, COMPILATION OF MODULE ____
OBJECT MODULE PLACED IN ..\Output\中断.obj
COMPILER INVOKED BY: E:\Program_Files\Keil956\C51\BIN\C51.EXE ..\User\中断.C OPTIMIZE(8,SPEED) BROWSE INCDIR(../User) DE
                    -BUG OBJECTEXTEND PRINT(..\Listing\中断.lst) TABS(2) OBJECT(..\Output\中断.obj)

line level    source

   1          #include "reg51.h"
   2          sbit led=P1^0;
   3          sbit button=P3^2;
   4          
   5          int main()
   6          {  IT0 =1;
   7   1         IE=0x81; 
   8   1         while(1);
   9   1         
  10   1      }
  11          void TNT0_Handler() interrupt 0
  12          { 
  13   1        if(0==button)
  14   1      {  int i;
  15   2        for(i=100;i>0;i--);
  16   2        if(0==button)
  17   2      { 
  18   3         led =~led;
  19   3      }
  20   2         while(0==button);
  21   2      }
  22   1      } 


MODULE INFORMATION:   STATIC OVERLAYABLE
   CODE SIZE        =     43    ----
   CONSTANT SIZE    =   ----    ----
   XDATA SIZE       =   ----    ----
   PDATA SIZE       =   ----    ----
   DATA SIZE        =   ----       2
   IDATA SIZE       =   ----    ----
   BIT SIZE         =   ----    ----
END OF MODULE INFORMATION.


C51 COMPILATION COMPLETE.  0 WARNING(S),  0 ERROR(S)
