C51 COMPILER V9.56.0.0   8_8MAIN                                                           08/22/2019 21:02:19 PAGE 1   


C51 COMPILER V9.56.0.0, COMPILATION OF MODULE 8_8MAIN
OBJECT MODULE PLACED IN .\Objects\8-8main.obj
COMPILER INVOKED BY: E:\Keil   51\C51\BIN\C51.EXE 8-8main.c OPTIMIZE(8,SPEED) BROWSE DEBUG OBJECTEXTEND PRINT(.\Listings
                    -\8-8main.lst) TABS(2) OBJECT(.\Objects\8-8main.obj)

line level    source

   1          #include <reg51.h>
   2          sbit led0 = P0^0; //灯的初始化；
   3          sbit led1 = P0^1;
   4          sbit led2 = P0^2;
   5          sbit led3 = P0^3;
   6          sbit led4 = P0^4;
   7          sbit led5 = P0^5;
   8          sbit led6 = P0^6;
   9          sbit led7 = P0^7;
  10          
  11          sbit button0 = P2^0; //按键的初始化；
  12          sbit button1 = P2^1;
  13          sbit button2 = P2^2;
  14          sbit button3 = P2^3;
  15          sbit button4 = P2^4;
  16          sbit button5 = P2^5;
  17          sbit button6 = P2^6;
  18          sbit button7 = P2^7;
  19          
  20          void delay(int i)  //延迟函数；
  21          {
  22   1        for (;i<0;i--);
  23   1      }
  24          
  25          void shanshuo(int i)
  26          {
  27   1          led0 = 1;
  28   1          delay(i);
  29   1          led0 = 0;
  30   1          led1 = 1;
  31   1          delay(i);
  32   1          led1 = 0;
  33   1          led2 = 1;
  34   1          delay(i);
  35   1          led2 = 0;
  36   1          led3 = 1;
  37   1          delay(i);
  38   1          led3 = 0;
  39   1          led4 = 1;
  40   1          delay(i);
  41   1          led4 = 0;
  42   1          led5 = 1;
  43   1          delay(i);
  44   1          led5 = 0;
  45   1          led6 = 1;
  46   1          delay(i);
  47   1          led6 = 0;
  48   1          led7 = 1;
  49   1          delay(i);
  50   1          led7 = 0;
  51   1        }
  52          
  53          int main()
  54          {
C51 COMPILER V9.56.0.0   8_8MAIN                                                           08/22/2019 21:02:19 PAGE 2   

  55   1        while (1)
  56   1        {
  57   2          shanshuo(200);
  58   2          if (0 == button0)
  59   2          {
  60   3            delay(100);
  61   3            if (0 == button0)
  62   3            {
  63   4              led0 =~ led0;
  64   4            }
  65   3            while (0 == button0);
  66   3          }
  67   2          else if (0 == button1)
  68   2          {
  69   3            delay(100);
  70   3            if (0 == button1)
  71   3            {
  72   4              led1 =~ led1;
  73   4            }
  74   3            while (0 == button1);
  75   3          }
  76   2          else if (0 == button2)
  77   2          {
  78   3            delay(100);
  79   3            if (0 == button2)
  80   3            {
  81   4              led2 =~ led2;
  82   4            }
  83   3            while (0 == button2);
  84   3          }
  85   2          else if (0 == button3)
  86   2          {
  87   3            delay(100);
  88   3            if (0 == button3)
  89   3            {
  90   4              led3 =~ led3;
  91   4            }
  92   3            while (0 == button3);
  93   3          }
  94   2          else if (0 == button4)
  95   2          {
  96   3            delay(100);
  97   3            if (0 == button4)
  98   3            {
  99   4              led4 =~ led4;
 100   4            }
 101   3            while (0 == button4);
 102   3          }
 103   2          else if (0 == button5)
 104   2          {
 105   3            delay(100);
 106   3            if (0 == button5)
 107   3            {
 108   4              led5 =~ led5;
 109   4            }
 110   3            while (0 == button5);
 111   3          }
 112   2          else if (0 == button6)
 113   2          {
 114   3            delay(100);
 115   3            if (0 == button6)
 116   3            {
C51 COMPILER V9.56.0.0   8_8MAIN                                                           08/22/2019 21:02:19 PAGE 3   

 117   4              led6 =~ led6;
 118   4            }
 119   3            while (0 == button6);
 120   3          }
 121   2          else if (0 == button7)
 122   2          {
 123   3            delay(100);
 124   3            if (0 == button7)
 125   3            {
 126   4              led7 =~ led7;
 127   4            }
 128   3            while (0 == button7);
 129   3          }
 130   2        }
 131   1      }


MODULE INFORMATION:   STATIC OVERLAYABLE
   CODE SIZE        =    247    ----
   CONSTANT SIZE    =   ----    ----
   XDATA SIZE       =   ----    ----
   PDATA SIZE       =   ----    ----
   DATA SIZE        =   ----    ----
   IDATA SIZE       =   ----    ----
   BIT SIZE         =   ----    ----
END OF MODULE INFORMATION.


C51 COMPILATION COMPLETE.  0 WARNING(S),  0 ERROR(S)
