C51 COMPILER V9.56.0.0   H                                                                 08/21/2019 16:32:55 PAGE 1   


C51 COMPILER V9.56.0.0, COMPILATION OF MODULE H
OBJECT MODULE PLACED IN .\Objects\h.obj
COMPILER INVOKED BY: E:\C51\BIN\C51.EXE h.c OPTIMIZE(8,SPEED) BROWSE DEBUG OBJECTEXTEND PRINT(.\Listings\h.lst) TABS(2) 
                    -OBJECT(.\Objects\h.obj)

line level    source

   1          #include "reg51.h"
   2          sbit button0 =P2^0;
   3          sbit button1 =P2^1;
   4          sbit button2 =P2^2;
   5          sbit button3 =P2^3;
   6          sbit button4 =P2^4;
   7          sbit button5 =P2^5;
   8          sbit button6 =P2^6;
   9          sbit button7 =P2^7;
  10          sbit led0 =P0^0;
  11          sbit led1 =P0^1;
  12          sbit led2 =P0^2;
  13          sbit led3 =P0^3;
  14          sbit led4 =P0^4;
  15          sbit led5 =P0^5;
  16          sbit led6 =P0^6;
  17          sbit led7 =P0^7;
  18          int i;
  19          void delay(void)
  20          { for(i=10000;i>0;i--);}
  21          int main()
  22          {  
  23   1       while(1)        
  24   1      {
  25   2          
  26   2        
  27   2       if( button0==0)
  28   2        while( button0==0){led0=~led0;delay();}
  29   2      else if(0 == button1)
  30   2      while(0 == button1){led1=~led1;delay();}
  31   2      else if(0 == button2)
  32   2      {led2=~led2;delay();}
  33   2      else if(0 == button3)
  34   2      {led3=~led3;delay();}
  35   2      else if(0 == button4)
  36   2      {led4=~led4;delay();}
  37   2      else if(0 == button5)
  38   2      {led5=~led5;delay();}
  39   2      else if(0 == button6)
  40   2      {led6=~led6;delay();}
  41   2      else if(0 == button7)
  42   2      {led7=~led7;delay();}
  43   2         }}}
*** ERROR C141 IN LINE 43 OF h.c: syntax error near '}'

C51 COMPILATION COMPLETE.  0 WARNING(S),  1 ERROR(S)
