C51 COMPILER V9.56.0.0   _8LED                                                             08/25/2019 22:55:52 PAGE 1   


C51 COMPILER V9.56.0.0, COMPILATION OF MODULE _8LED
OBJECT MODULE PLACED IN ..\Output\_8led.obj
COMPILER INVOKED BY: D:\A-work\Program_Files\C51\BIN\C51.EXE ..\User\_8led.c OPTIMIZE(8,SPEED) BROWSE INCDIR(..\User) DE
                    -BUG OBJECTEXTEND PRINT(..\Listening\_8led.lst) TABS(2) OBJECT(..\Output\_8led.obj)

line level    source

   1          #include "reg51.h"
   2          
   3          sbit led=P0^0;
   4          sbit key=P3^2;
   5          
   6          void delay(int i)
   7          {
   8   1        while(i>=0)
   9   1        {
  10   2          i--;
  11   2        }
  12   1      }
  13          
  14          int main()
  15          {
  16   1        IT0=1;
  17   1        IE=0x81;
  18   1        while(1);
  19   1      }
  20          
  21          void into() interrupt 0
  22          {
  23   1        delay(1000);
  24   1        if(key==0);
  25   1        {
  26   2          led=~led;
  27   2        }
  28   1      }


MODULE INFORMATION:   STATIC OVERLAYABLE
   CODE SIZE        =     52    ----
   CONSTANT SIZE    =   ----    ----
   XDATA SIZE       =   ----    ----
   PDATA SIZE       =   ----    ----
   DATA SIZE        =   ----    ----
   IDATA SIZE       =   ----    ----
   BIT SIZE         =   ----    ----
END OF MODULE INFORMATION.


C51 COMPILATION COMPLETE.  0 WARNING(S),  0 ERROR(S)
