C51 COMPILER V9.56.0.0   WATERFALL_LED                                                     08/18/2019 21:26:59 PAGE 1   


C51 COMPILER V9.56.0.0, COMPILATION OF MODULE WATERFALL_LED
OBJECT MODULE PLACED IN .\Objects\waterfall LED.obj
COMPILER INVOKED BY: E:\Keil   51\C51\BIN\C51.EXE waterfall LED.c OPTIMIZE(8,SPEED) BROWSE DEBUG OBJECTEXTEND PRINT(.\Li
                    -stings\waterfall LED.lst) TABS(2) OBJECT(.\Objects\waterfall LED.obj)

line level    source

   1          #include <reg51.h>
   2          
   3          sbit led1 = P3^0;
   4          sbit led2 = P3^1;
   5          sbit led3 = P3^2;
   6          sbit led4 = P3^3;
   7          sbit led5 = P3^4;
   8          sbit led6 = P3^5;
   9          sbit led7 = P3^6;
  10          sbit led8 = P3^7;
  11          
  12          void delay(int z)
  13          {
  14   1        unsigned int i,j;
  15   1        for (i=0;i<z;i++)
  16   1        {
  17   2          j++;
  18   2        }
  19   1      }
  20          
  21          int main()
  22          {
  23   1        while(1)
  24   1        {
  25   2          led1 = 1;
  26   2          delay(200);
  27   2          led1 = 0;
  28   2          led2 = 1;
  29   2          delay(200);
  30   2          led2 = 0;
  31   2          led3 = 1;
  32   2          delay(200);
  33   2          led3 = 0;
  34   2          led4 = 1;
  35   2          delay(200);
  36   2          led4 = 0;
  37   2          led5 = 1;
  38   2          delay(200);
  39   2          led5 = 0;
  40   2          led6 = 1;
  41   2          delay(200);
  42   2          led6 = 0;
  43   2          led7 = 1;
  44   2          delay(200);
  45   2          led7 = 0;
  46   2          led8 = 1;
  47   2          delay(200);
  48   2          led8 = 0;
  49   2        }
  50   1        
  51   1        return 0;
  52   1      }
*** WARNING C294 IN LINE 51 OF waterfall LED.c: unreachable code

C51 COMPILER V9.56.0.0   WATERFALL_LED                                                     08/18/2019 21:26:59 PAGE 2   


MODULE INFORMATION:   STATIC OVERLAYABLE
   CODE SIZE        =     88    ----
   CONSTANT SIZE    =   ----    ----
   XDATA SIZE       =   ----    ----
   PDATA SIZE       =   ----    ----
   DATA SIZE        =   ----       2
   IDATA SIZE       =   ----    ----
   BIT SIZE         =   ----    ----
END OF MODULE INFORMATION.


C51 COMPILATION COMPLETE.  1 WARNING(S),  0 ERROR(S)
