C51 COMPILER V9.56.0.0   MAIN                                                              08/06/2018 21:34:23 PAGE 1   


C51 COMPILER V9.56.0.0, COMPILATION OF MODULE MAIN
OBJECT MODULE PLACED IN ..\Output\main.obj
COMPILER INVOKED BY: D:\515151\C51\BIN\C51.EXE ..\User\main.c OPTIMIZE(8,SPEED) BROWSE INCDIR(..\User) DEBUG OBJECTEXTEN
                    -D PRINT(..\Listing\main.lst) TABS(8) OBJECT(..\Output\main.obj)

line level    source

   1          #include <reg52.h>
   2          #include "bsp_delay.h"
   3          
   4          void carry(void);//进位
   5          void express(void);//显示
   6          void wrinkle(void);//闪烁
   7          void Keycontral(u8 key);//操作
   8          u8 Keyscan(void);//按键扫描
   9          
  10          unsigned char code distab[16] = {0x3f,0x06,0x5b,0x4f,0x66,0x6d,0x7d, 
  11          0x07,0x7f,0x6f,0x77,0x7c,0x39,0x5e,0x79,0x71};  //段选码表
  12          unsigned char position[6] = {0xdf,0xef,0xf7,0xfb,0xfd,0xfe};//位选码表
  13          unsigned char digit[6] = {6,5,9,5,3,2};//控制显示的数字
  14          unsigned char i,j,b = 0,answer = 4;//b用来储存P1的值，判断是否可以进行移位和加减，b=1时闪
  15          //按键扫描烁,并且停止走，
  16          //b=0时停止闪烁
  17          unsigned char Interruptcount = 0;
  18          
  19          void main()
  20          {
  21   1              IE = 0x83;
  22   1              TMOD = 0x01;
  23   1              IT0 = 1;
  24   1              TH0 = 0x0b;
  25   1              TL0 = 0xdc;
  26   1              TR0 = 1;
  27   1              while(1)
  28   1              {
  29   2                      if(b == 0)
  30   2                      {
  31   3                              express();
  32   3                      }
  33   2                      if(b == 1)
  34   2                      {
  35   3                              wrinkle();
  36   3                      }
  37   2              }
  38   1      }
  39          
  40          void TIM0_Handler() interrupt 1//定时器
  41          {
  42   1              TR0 = 0;
  43   1              TH0 = 0x0b;
  44   1              TL0 = 0xdc;
  45   1              TR0 = 1;
  46   1              Interruptcount++;
  47   1              if(Interruptcount == 16)
  48   1              {
  49   2                      Interruptcount = 0;
  50   2                      if(b == 0)
  51   2                              carry();
  52   2              }
  53   1      }
  54          
C51 COMPILER V9.56.0.0   MAIN                                                              08/06/2018 21:34:23 PAGE 2   

  55          void carry(void)//进位
  56          {
  57   1              if(digit[0] < 9)
  58   1              {
  59   2                      digit[0]++;
  60   2              }
  61   1              else//digit[0] == 9
  62   1              {
  63   2                      if(digit[1] < 5)
  64   2                      {
  65   3                              digit[1]++;
  66   3                      }
  67   2                      else//digit[1] == 5
  68   2                      {
  69   3                              if(digit[2] < 9)
  70   3                              {
  71   4                                      digit[2]++;
  72   4                              }
  73   3                              else//digit[2] == 9
  74   3                              {
  75   4                                      if(digit[3] < 5)
  76   4                                      {
  77   5                                              digit[3]++;
  78   5                                      }
  79   4                                      else//digit[3] == 5
  80   4                                      {
  81   5                                              if(digit[4] < 9 && digit[5] < 2)
  82   5                                              {
  83   6                                                      digit[4]++;
  84   6                                              }
  85   5                                              else if(digit[4] == 4 && digit[5] == 2)
  86   5                                              {
  87   6                                                      digit[4] = 0;
  88   6                                              }
  89   5                                              else//digit[4] == 9 || digit[4] == 4
  90   5                                              {
  91   6                                                      if(digit[5] < 2)
  92   6                                                      {
  93   7                                                              digit[5]++;
  94   7                                                      }
  95   6                                                      else//digit[5] == 2
  96   6                                                      {
  97   7                                                              digit[5] = 0;
  98   7                                                      }
  99   6                                                      digit[4] = 0;
 100   6                                              }
 101   5                                              digit[3] = 0;
 102   5                                      }
 103   4                                      digit[2] = 0;
 104   4                              }
 105   3                              digit[1] = 0;
 106   3                      }
 107   2                      digit[0] = 0;
 108   2              }
 109   1      }
 110          void express(void)//显示
 111          {
 112   1              for(j = 0;j < 6;j++)
 113   1              {
 114   2                      P2 = position[j];
 115   2                      if(j == 2 || j == 4)
 116   2                      {
C51 COMPILER V9.56.0.0   MAIN                                                              08/06/2018 21:34:23 PAGE 3   

 117   3                              P0 = distab[digit[j]]|0x80;
 118   3                      }
 119   2                      else
 120   2                      {
 121   3                              P0 = distab[digit[j]];
 122   3                      }
 123   2                      delay(1);
 124   2              }
 125   1      }
 126          
 127          void wrinkle(void)//闪烁
 128          {
 129   1              for(i = 50;i > 0;i--)
 130   1              {
 131   2                      for(j = 0;j < 6;j++)
 132   2                      {
 133   3                              P2 = position[j];
 134   3                              if(j == 2 || j == 4)
 135   3                              {
 136   4                                      P0 = distab[digit[j]]|0x80;
 137   4                              }
 138   3                              else
 139   3                                      P0 = distab[digit[j]];
 140   3                              delay(1);
 141   3                      }
 142   2              }
 143   1              for(i = 50;i > 0;i--)
 144   1              {
 145   2                      for(j = 0;j < 6;j++)
 146   2                      {
 147   3                              if(j == answer)
 148   3                              {
 149   4                                      P2 = 0xff;
 150   4                              }
 151   3                              else
 152   3                                      P2 = position[j];
 153   3                              if(j == 2 || j == 4)
 154   3                              {
 155   4                                      P0 = distab[digit[j]]|0x80;
 156   4                              }
 157   3                              else
 158   3                                      P0 = distab[digit[j]];
 159   3                              delay(1);
 160   3                      }
 161   2              }
 162   1      }
 163          
 164          u8 Keyscan(void)//按键扫描
 165          {
 166   1              u8 key;
 167   1              if(P1 != 0xff)
 168   1              {
 169   2                      for(i = 100;i > 0;i++);
 170   2                      if(P1 != 0xff)
 171   2                      {
 172   3                              key = P1;
 173   3                      }
 174   2                      while(P1 != 0xff);
 175   2              }
 176   1              return key;
 177   1      }
 178          
C51 COMPILER V9.56.0.0   MAIN                                                              08/06/2018 21:34:23 PAGE 4   

 179          void Keycontral(u8 key)//操作
 180          {
 181   1              if(key == 0xfe)
 182   1              {
 183   2                      if(b)
 184   2                      {
 185   3                              b = 0;
 186   3                      }
 187   2                      else
 188   2                      {
 189   3                              b = 1;
 190   3                              answer = 5;
 191   3                      }
 192   2              }
 193   1              if(b == 1)
 194   1              {
 195   2                      if(key == 0xfd)//左移
 196   2                      {
 197   3                              if(answer < 5)
 198   3                                      answer++;
 199   3                      }
 200   2                      if(key == 0xfb)//右移
 201   2                      {
 202   3                              if(answer > 0)
 203   3                                      answer--;
 204   3                      }
 205   2                      if(key == 0xf7)//加
 206   2                      {
 207   3                              if(answer == 0 || answer == 2)
 208   3                              {
 209   4                                      if(digit[answer] < 9)
 210   4                                              digit[answer]++;
 211   4                                      else
 212   4                                              digit[answer] = 0;
 213   4                              }
 214   3                              else if(answer == 1 || answer == 3)
 215   3                              {
 216   4                                      if(digit[answer] < 5)
 217   4                                              digit[answer]++;
 218   4                                      else
 219   4                                              digit[answer] = 0;
 220   4                              }
 221   3                              else if(answer == 4 && digit[answer+1] < 2)
 222   3                              {
 223   4                                      if(digit[answer] < 9)
 224   4                                              digit[answer]++;
 225   4                                      else
 226   4                                              digit[answer] = 0;
 227   4                              }
 228   3                              else if(answer == 4 && digit[answer+1] == 2)
 229   3                              {
 230   4                                      if(digit[answer] < 3)
 231   4                                              digit[answer]++;
 232   4                                      else
 233   4                                              digit[answer] = 0;
 234   4                              }
 235   3                              else if(answer == 5)
 236   3                              {
 237   4                                      if(digit[answer] < 2)
 238   4                                              ++digit[answer];
 239   4                                      else if(digit[answer] == 2)
 240   4                                      {
C51 COMPILER V9.56.0.0   MAIN                                                              08/06/2018 21:34:23 PAGE 5   

 241   5                                              if(digit[answer-1] > 3)
 242   5                                                      digit[answer-1] = 0;
 243   5                                              digit[answer] = 0;
 244   5                                      }
 245   4                              }
 246   3                      }
 247   2                      if(key == 0xef)//减
 248   2                      {
 249   3                              if(digit[answer] > 0)
 250   3                                      digit[answer]--;
 251   3                      }
 252   2              }
 253   1      }
 254          
 255          void INT0_IRQHander() interrupt 0//外部中断0
 256          {
 257   1              Keycontral(Keyscan());
 258   1      }
 259          
 260          //void wrinkle(void)//闪烁
 261          //{
 262          //        u8 cont = 1;
 263          //        if(b)
 264          //        {
 265          //                for(j = 0;j < 6;j++)
 266          //                {
 267          //                        P2 = position[j];
 268          //                        if(j == answer && cont < 100)
 269          //                        {
 270          //                                P2 = 0xff;
 271          //                                cont++;
 272          //                        }
 273          //                        else if(j == answer && cont < 200)
 274          //                        {
 275          //                                P2 = position[j];
 276          //                                cont++;
 277          //                        }
 278          //                        else if(j == answer && cont == 200)
 279          //                        {
 280          //                                P2 = position[j];
 281          //                                cont = 1;
 282          //                        }
 283          //                        else
 284          //                        {
 285          //                                P2 = position[j];
 286          //                        }
 287          //                        if(j == 2 || j == 4)
 288          //                        {
 289          //                                P0 = distab[digit[j]]|0x80;
 290          //                        }
 291          //                        else
 292          //                        {
 293          //                                P0 = distab[digit[j]];
 294          //                        }
 295          //                        delay(1);
 296          //                }
 297          //        }
 298          //}


MODULE INFORMATION:   STATIC OVERLAYABLE
   CODE SIZE        =    748    ----
C51 COMPILER V9.56.0.0   MAIN                                                              08/06/2018 21:34:23 PAGE 6   

   CONSTANT SIZE    =     16    ----
   XDATA SIZE       =   ----    ----
   PDATA SIZE       =   ----    ----
   DATA SIZE        =     17    ----
   IDATA SIZE       =   ----    ----
   BIT SIZE         =   ----    ----
END OF MODULE INFORMATION.


C51 COMPILATION COMPLETE.  0 WARNING(S),  0 ERROR(S)
